1711726336322	geckodriver	INFO	Listening on 127.0.0.1:45465
1711726336325	mozrunner::runner	INFO	Running command: MOZ_CRASHREPORTER="1" MOZ_CRASHREPORTER_NO_REPORT="1" MOZ_CRASHREPORTER_SHUTDOWN="1" MOZ_NO_REMOTE="1" "/usr ... ss" "--remote-debugging-port" "60709" "--remote-allow-hosts" "localhost" "-no-remote" "-profile" "/tmp/rust_mozprofileeqlV17"
*** You are running in headless mode.
console.warn: services.settings: Ignoring preference override of remote settings server
console.warn: services.settings: Allow by setting MOZ_REMOTE_SETTINGS_DEVTOOLS=1 in the environment
1711726336588	Marionette	INFO	Marionette enabled
1711726336679	Marionette	INFO	Listening on port 45499
WebDriver BiDi listening on ws://127.0.0.1:60709
Read port: 45499
1711726336801	RemoteAgent	WARN	TLS certificate errors will be ignored for this session
[GFX1-]: RenderCompositorSWGL failed mapping default framebuffer, no dt
console.error: ({})
DevTools listening on ws://127.0.0.1:60709/devtools/browser/0d7ab51d-7a0c-4e30-8532-29a8e389bdb3
1711726338376	Marionette	INFO	Stopped listening on port 45499
[Parent 33987, IPC I/O Parent] WARNING: waitid failed pid:34234 errno:10: file /builds/worker/checkouts/gecko/ipc/chromium/src/base/process_util_posix.cc:244
[Parent 33987, IPC I/O Parent] WARNING: waitid failed pid:34238 errno:10: file /builds/worker/checkouts/gecko/ipc/chromium/src/base/process_util_posix.cc:244
[Parent 33987, IPC I/O Parent] WARNING: waitid failed pid:34244 errno:10: file /builds/worker/checkouts/gecko/ipc/chromium/src/base/process_util_posix.cc:244
[Parent 33987, IPC I/O Parent] WARNING: waitid failed pid:34210 errno:10: file /builds/worker/checkouts/gecko/ipc/chromium/src/base/process_util_posix.cc:244
[Parent 33987, IPC I/O Parent] WARNING: waitid failed pid:34128 errno:10: file /builds/worker/checkouts/gecko/ipc/chromium/src/base/process_util_posix.cc:244
[Parent 33987, IPC I/O Parent] WARNING: waitid failed pid:34095 errno:10: file /builds/worker/checkouts/gecko/ipc/chromium/src/base/process_util_posix.cc:244
[Parent 33987, IPC I/O Parent] WARNING: waitid failed pid:34071 errno:10: file /builds/worker/checkouts/gecko/ipc/chromium/src/base/process_util_posix.cc:244
1711726387119	geckodriver	INFO	Listening on 127.0.0.1:46591
1711726387121	mozrunner::runner	INFO	Running command: MOZ_CRASHREPORTER="1" MOZ_CRASHREPORTER_NO_REPORT="1" MOZ_CRASHREPORTER_SHUTDOWN="1" MOZ_NO_REMOTE="1" "/usr ... ss" "--remote-debugging-port" "49561" "--remote-allow-hosts" "localhost" "-no-remote" "-profile" "/tmp/rust_mozprofileoTB4Th"
*** You are running in headless mode.
console.warn: services.settings: Ignoring preference override of remote settings server
console.warn: services.settings: Allow by setting MOZ_REMOTE_SETTINGS_DEVTOOLS=1 in the environment
1711726387332	Marionette	INFO	Marionette enabled
1711726387394	Marionette	INFO	Listening on port 38659
WebDriver BiDi listening on ws://127.0.0.1:49561
Read port: 38659
1711726387488	RemoteAgent	WARN	TLS certificate errors will be ignored for this session
[GFX1-]: RenderCompositorSWGL failed mapping default framebuffer, no dt
console.error: ({})
DevTools listening on ws://127.0.0.1:49561/devtools/browser/5f18baf6-879b-422c-87db-d59bf53f611c
1711726390231	Marionette	INFO	Stopped listening on port 38659
[Parent 34447, IPC I/O Parent] WARNING: waitid failed pid:34691 errno:10: file /builds/worker/checkouts/gecko/ipc/chromium/src/base/process_util_posix.cc:244
[Parent 34447, IPC I/O Parent] WARNING: waitid failed pid:34758 errno:10: file /builds/worker/checkouts/gecko/ipc/chromium/src/base/process_util_posix.cc:244
[Parent 34447, IPC I/O Parent] WARNING: waitid failed pid:34687 errno:10: file /builds/worker/checkouts/gecko/ipc/chromium/src/base/process_util_posix.cc:244
[Parent 34447, IPC I/O Parent] WARNING: waitid failed pid:34652 errno:10: file /builds/worker/checkouts/gecko/ipc/chromium/src/base/process_util_posix.cc:244
[Parent 34447, IPC I/O Parent] WARNING: waitid failed pid:34676 errno:10: file /builds/worker/checkouts/gecko/ipc/chromium/src/base/process_util_posix.cc:244
[Parent 34447, IPC I/O Parent] WARNING: waitid failed pid:34572 errno:10: file /builds/worker/checkouts/gecko/ipc/chromium/src/base/process_util_posix.cc:244
[Parent 34447, IPC I/O Parent] WARNING: waitid failed pid:34540 errno:10: file /builds/worker/checkouts/gecko/ipc/chromium/src/base/process_util_posix.cc:244
[Parent 34447, IPC I/O Parent] WARNING: waitid failed pid:34513 errno:10: file /builds/worker/checkouts/gecko/ipc/chromium/src/base/process_util_posix.cc:244
1711726586902	geckodriver	INFO	Listening on 127.0.0.1:33057
1711726586905	mozrunner::runner	INFO	Running command: MOZ_CRASHREPORTER="1" MOZ_CRASHREPORTER_NO_REPORT="1" MOZ_CRASHREPORTER_SHUTDOWN="1" MOZ_NO_REMOTE="1" "/usr ... ss" "--remote-debugging-port" "51443" "--remote-allow-hosts" "localhost" "-no-remote" "-profile" "/tmp/rust_mozprofilep0xNwg"
*** You are running in headless mode.
console.warn: services.settings: Ignoring preference override of remote settings server
console.warn: services.settings: Allow by setting MOZ_REMOTE_SETTINGS_DEVTOOLS=1 in the environment
1711726587114	Marionette	INFO	Marionette enabled
1711726587170	Marionette	INFO	Listening on port 33933
WebDriver BiDi listening on ws://127.0.0.1:51443
Read port: 33933
1711726587259	RemoteAgent	WARN	TLS certificate errors will be ignored for this session
[GFX1-]: RenderCompositorSWGL failed mapping default framebuffer, no dt
console.error: ({})
DevTools listening on ws://127.0.0.1:51443/devtools/browser/ead21213-b441-4ddd-86db-01ccfde82976
1711726603625	geckodriver	INFO	Listening on 127.0.0.1:36797
1711726603627	mozrunner::runner	INFO	Running command: MOZ_CRASHREPORTER="1" MOZ_CRASHREPORTER_NO_REPORT="1" MOZ_CRASHREPORTER_SHUTDOWN="1" MOZ_NO_REMOTE="1" "/usr ... ss" "--remote-debugging-port" "43523" "--remote-allow-hosts" "localhost" "-no-remote" "-profile" "/tmp/rust_mozprofileEKI30B"
*** You are running in headless mode.
console.warn: services.settings: Ignoring preference override of remote settings server
console.warn: services.settings: Allow by setting MOZ_REMOTE_SETTINGS_DEVTOOLS=1 in the environment
1711726603838	Marionette	INFO	Marionette enabled
1711726603903	Marionette	INFO	Listening on port 38981
WebDriver BiDi listening on ws://127.0.0.1:43523
Read port: 38981
1711726603991	RemoteAgent	WARN	TLS certificate errors will be ignored for this session
[GFX1-]: RenderCompositorSWGL failed mapping default framebuffer, no dt
console.error: ({})
DevTools listening on ws://127.0.0.1:43523/devtools/browser/3c9005fd-53c9-4737-821b-f0f0246bbade
1711726607209	Marionette	INFO	Stopped listening on port 38981
JavaScript warning: https://www.gstatic.com/recaptcha/releases/Hq4JZivTyQ7GP8Kt571Tzodj/recaptcha__en.js, line 1010: Script terminated by timeout at:
c$.prototype.jT@https://www.gstatic.com/recaptcha/releases/Hq4JZivTyQ7GP8Kt571Tzodj/recaptcha__en.js:1010:437

[Parent 35440, IPC I/O Parent] WARNING: waitid failed pid:35747 errno:10: file /builds/worker/checkouts/gecko/ipc/chromium/src/base/process_util_posix.cc:244
[Parent 35440, IPC I/O Parent] WARNING: waitid failed pid:35680 errno:10: file /builds/worker/checkouts/gecko/ipc/chromium/src/base/process_util_posix.cc:244
[Parent 35440, IPC I/O Parent] WARNING: waitid failed pid:35675 errno:10: file /builds/worker/checkouts/gecko/ipc/chromium/src/base/process_util_posix.cc:244
[Parent 35440, IPC I/O Parent] WARNING: waitid failed pid:35670 errno:10: file /builds/worker/checkouts/gecko/ipc/chromium/src/base/process_util_posix.cc:244
[Parent 35440, IPC I/O Parent] WARNING: waitid failed pid:35645 errno:10: file /builds/worker/checkouts/gecko/ipc/chromium/src/base/process_util_posix.cc:244
[Parent 35440, IPC I/O Parent] WARNING: waitid failed pid:35571 errno:10: file /builds/worker/checkouts/gecko/ipc/chromium/src/base/process_util_posix.cc:244
[Parent 35440, IPC I/O Parent] WARNING: waitid failed pid:35539 errno:10: file /builds/worker/checkouts/gecko/ipc/chromium/src/base/process_util_posix.cc:244
[Parent 35440, IPC I/O Parent] WARNING: waitid failed pid:35511 errno:10: file /builds/worker/checkouts/gecko/ipc/chromium/src/base/process_util_posix.cc:244
1711726617146	addons.xpi	ERROR	System addon update list error SyntaxError: XMLHttpRequest.open: 'http://%(server)s/dummy-system-addons.xml' is not a valid URL.
1711726727264	geckodriver	INFO	Listening on 127.0.0.1:55047
1711726727267	mozrunner::runner	INFO	Running command: MOZ_CRASHREPORTER="1" MOZ_CRASHREPORTER_NO_REPORT="1" MOZ_CRASHREPORTER_SHUTDOWN="1" MOZ_NO_REMOTE="1" "/usr ... ss" "--remote-debugging-port" "48115" "--remote-allow-hosts" "localhost" "-no-remote" "-profile" "/tmp/rust_mozprofileOto52U"
*** You are running in headless mode.
console.warn: services.settings: Ignoring preference override of remote settings server
console.warn: services.settings: Allow by setting MOZ_REMOTE_SETTINGS_DEVTOOLS=1 in the environment
1711726727486	Marionette	INFO	Marionette enabled
1711726727542	Marionette	INFO	Listening on port 39055
WebDriver BiDi listening on ws://127.0.0.1:48115
Read port: 39055
1711726727631	RemoteAgent	WARN	TLS certificate errors will be ignored for this session
[GFX1-]: RenderCompositorSWGL failed mapping default framebuffer, no dt
console.error: ({})
DevTools listening on ws://127.0.0.1:48115/devtools/browser/ef0be296-2793-4bd6-9389-ed94f5af2386
1711726730494	Marionette	INFO	Stopped listening on port 39055
[Parent 35948, IPC I/O Parent] WARNING: waitid failed pid:36172 errno:10: file /builds/worker/checkouts/gecko/ipc/chromium/src/base/process_util_posix.cc:244
[Parent 35948, IPC I/O Parent] WARNING: waitid failed pid:36243 errno:10: file /builds/worker/checkouts/gecko/ipc/chromium/src/base/process_util_posix.cc:244
[Parent 35948, IPC I/O Parent] WARNING: waitid failed pid:36167 errno:10: file /builds/worker/checkouts/gecko/ipc/chromium/src/base/process_util_posix.cc:244
[Parent 35948, IPC I/O Parent] WARNING: waitid failed pid:36162 errno:10: file /builds/worker/checkouts/gecko/ipc/chromium/src/base/process_util_posix.cc:244
[Parent 35948, IPC I/O Parent] WARNING: waitid failed pid:36138 errno:10: file /builds/worker/checkouts/gecko/ipc/chromium/src/base/process_util_posix.cc:244
[Parent 35948, IPC I/O Parent] WARNING: waitid failed pid:36068 errno:10: file /builds/worker/checkouts/gecko/ipc/chromium/src/base/process_util_posix.cc:244
[Parent 35948, IPC I/O Parent] WARNING: waitid failed pid:36036 errno:10: file /builds/worker/checkouts/gecko/ipc/chromium/src/base/process_util_posix.cc:244
[Parent 35948, IPC I/O Parent] WARNING: waitid failed pid:36015 errno:10: file /builds/worker/checkouts/gecko/ipc/chromium/src/base/process_util_posix.cc:244
